\BOOKMARK [1][-]{section.1}{\376\377\144\130\211\201}{}% 1
\BOOKMARK [1][-]{section.2}{\376\377\200\314\146\157}{}% 2
\BOOKMARK [2][-]{subsection.2.1}{\376\377\116\373\122\241\116\313\176\315}{section.2}% 3
\BOOKMARK [2][-]{subsection.2.2}{\376\377\117\040\176\337\123\273\226\376\145\271\154\325}{section.2}% 4
\BOOKMARK [3][-]{subsubsection.2.2.1}{\376\377\127\372\116\216\162\151\164\006\152\041\127\213\166\204\123\273\226\376\145\271\154\325}{subsection.2.2}% 5
\BOOKMARK [3][-]{subsubsection.2.2.2}{\376\377\127\372\116\216\227\136\162\151\164\006\152\041\127\213\166\204\123\273\226\376\145\271\154\325}{subsection.2.2}% 6
\BOOKMARK [2][-]{subsection.2.3}{\376\377\127\372\116\216\155\361\136\246\133\146\116\140\166\204\123\273\226\376\145\271\154\325}{section.2}% 7
\BOOKMARK [1][-]{section.3}{\376\377\145\271\154\325}{}% 8
\BOOKMARK [2][-]{subsection.3.1}{\376\377\117\040\176\337\173\227\154\325}{section.3}% 9
\BOOKMARK [2][-]{subsection.3.2}{\376\377\000B\000a\000s\000e\000l\000i\000n\000e\173\227\154\325}{section.3}% 10
\BOOKMARK [3][-]{subsubsection.3.2.1}{\376\377\173\227\154\325\151\202\217\360}{subsection.3.2}% 11
\BOOKMARK [3][-]{subsubsection.3.2.2}{\376\377\145\110\147\234\213\304\117\060}{subsection.3.2}% 12
\BOOKMARK [2][-]{subsection.3.3}{\376\377\145\071\217\333\166\204\173\227\154\325}{section.3}% 13
\BOOKMARK [3][-]{subsubsection.3.3.1}{\376\377\173\227\154\325\0001\377\032\130\236\137\072\000O\000H\000a\000z\000e\176\323\147\234\166\204\126\376\120\317\176\306\202\202}{subsection.3.3}% 14
\BOOKMARK [3][-]{subsubsection.3.3.2}{\376\377\173\227\154\325\0002\377\032\117\030\123\026\000H\000a\000z\000e\000R\000D\131\032\171\315\155\123\136\246\226\376\166\204\123\273\226\144\145\110\147\234}{subsection.3.3}% 15
\BOOKMARK [1][-]{section.4}{\376\377\133\236\232\214}{}% 16
\BOOKMARK [2][-]{subsection.4.1}{\376\377\133\236\232\214\124\057\122\250}{section.4}% 17
\BOOKMARK [3][-]{subsubsection.4.1.1}{\376\377\145\160\143\156\226\306\116\313\176\315}{subsection.4.1}% 18
\BOOKMARK [3][-]{subsubsection.4.1.2}{\376\377\133\236\232\214\213\276\177\156}{subsection.4.1}% 19
\BOOKMARK [3][-]{subsubsection.4.1.3}{\376\377\143\007\150\007\116\313\176\315}{subsection.4.1}% 20
\BOOKMARK [2][-]{subsection.4.2}{\376\377\116\016\000B\000a\000s\000e\000l\000i\000n\000e\145\110\147\234\133\371\153\324}{section.4}% 21
\BOOKMARK [2][-]{subsection.4.3}{\376\377\155\210\207\215\133\236\232\214}{section.4}% 22
\BOOKMARK [2][-]{subsection.4.4}{\376\377\201\352\135\361\144\034\226\306\166\204\126\376\162\107\226\306\116\012\166\204\133\236\232\214}{section.4}% 23
\BOOKMARK [1][-]{section.5}{\376\377\176\323\213\272}{}% 24
\BOOKMARK [1][-]{section.6}{\376\377\141\037\140\237}{}% 25
